
> geosynthetic-qc-frontend@0.1.0 dev
> next dev -p 3000

 ⚠ Warning: Next.js inferred your workspace root, but it may not be correct.
 We detected multiple lockfiles and selected the directory of /Users/dtaplin21/package-lock.json as the root directory.
 To silence this warning, set `outputFileTracingRoot` in your Next.js config, or consider removing one of the lockfiles if it's not needed.
   See https://nextjs.org/docs/app/api-reference/config/next-config-js/output#caveats for more information.
 Detected additional lockfiles: 
   * /Users/dtaplin21/DellSystemManager/frontend/package-lock.json
   * /Users/dtaplin21/DellSystemManager/package-lock.json

   ▲ Next.js 15.5.0
   - Local:        http://localhost:3000
   - Network:      http://192.168.1.161:3000
   - Environments: .env.local, .env

 ✓ Starting...
 ✓ Ready in 1263ms
 ○ Compiling /login ...
 ⚠ ./src/hooks/use-supabase-auth.ts
Attempted import error: 'supabase' is not exported from '../lib/supabase' (imported as 'supabase').

Import trace for requested module:
./src/hooks/use-supabase-auth.ts
./src/app/login/page.tsx

./src/hooks/use-supabase-auth.ts
Attempted import error: 'supabase' is not exported from '../lib/supabase' (imported as 'supabase').

Import trace for requested module:
./src/hooks/use-supabase-auth.ts
./src/app/login/page.tsx

./src/hooks/use-supabase-auth.ts
Attempted import error: 'supabase' is not exported from '../lib/supabase' (imported as 'supabase').

Import trace for requested module:
./src/hooks/use-supabase-auth.ts
./src/app/login/page.tsx

./src/hooks/use-supabase-auth.ts
Attempted import error: 'supabase' is not exported from '../lib/supabase' (imported as 'supabase').

Import trace for requested module:
./src/hooks/use-supabase-auth.ts
./src/app/login/page.tsx

./src/hooks/use-supabase-auth.ts
Attempted import error: 'supabase' is not exported from '../lib/supabase' (imported as 'supabase').

Import trace for requested module:
./src/hooks/use-supabase-auth.ts
./src/app/login/page.tsx

./src/hooks/use-supabase-auth.ts
Attempted import error: 'supabase' is not exported from '../lib/supabase' (imported as 'supabase').

Import trace for requested module:
./src/hooks/use-supabase-auth.ts
./src/app/login/page.tsx

./src/hooks/use-supabase-auth.ts
Attempted import error: 'supabase' is not exported from '../lib/supabase' (imported as 'supabase').

Import trace for requested module:
./src/hooks/use-supabase-auth.ts
./src/app/login/page.tsx

./src/hooks/use-supabase-auth.ts
Attempted import error: 'supabase' is not exported from '../lib/supabase' (imported as 'supabase').

Import trace for requested module:
./src/hooks/use-supabase-auth.ts
./src/app/login/page.tsx

./src/lib/api.ts
Attempted import error: 'supabase' is not exported from './supabase' (imported as 'supabase').

Import trace for requested module:
./src/lib/api.ts
./src/contexts/ProjectsProvider.tsx
./src/components/providers/ClientProviders.tsx

./src/hooks/use-supabase-auth.ts
Attempted import error: 'supabase' is not exported from '../lib/supabase' (imported as 'supabase').

Import trace for requested module:
./src/hooks/use-supabase-auth.ts
./src/app/login/page.tsx

./src/hooks/use-supabase-auth.ts
Attempted import error: 'supabase' is not exported from '../lib/supabase' (imported as 'supabase').

Import trace for requested module:
./src/hooks/use-supabase-auth.ts
./src/app/login/page.tsx

./src/hooks/use-supabase-auth.ts
Attempted import error: 'supabase' is not exported from '../lib/supabase' (imported as 'supabase').

Import trace for requested module:
./src/hooks/use-supabase-auth.ts
./src/app/login/page.tsx

./src/hooks/use-supabase-auth.ts
Attempted import error: 'supabase' is not exported from '../lib/supabase' (imported as 'supabase').

Import trace for requested module:
./src/hooks/use-supabase-auth.ts
./src/app/login/page.tsx

./src/hooks/use-supabase-auth.ts
Attempted import error: 'supabase' is not exported from '../lib/supabase' (imported as 'supabase').

Import trace for requested module:
./src/hooks/use-supabase-auth.ts
./src/app/login/page.tsx

./src/hooks/use-supabase-auth.ts
Attempted import error: 'supabase' is not exported from '../lib/supabase' (imported as 'supabase').

Import trace for requested module:
./src/hooks/use-supabase-auth.ts
./src/app/login/page.tsx

./src/hooks/use-supabase-auth.ts
Attempted import error: 'supabase' is not exported from '../lib/supabase' (imported as 'supabase').

Import trace for requested module:
./src/hooks/use-supabase-auth.ts
./src/app/login/page.tsx

./src/hooks/use-supabase-auth.ts
Attempted import error: 'supabase' is not exported from '../lib/supabase' (imported as 'supabase').

Import trace for requested module:
./src/hooks/use-supabase-auth.ts
./src/app/login/page.tsx

./src/lib/api.ts
Attempted import error: 'supabase' is not exported from './supabase' (imported as 'supabase').

Import trace for requested module:
./src/lib/api.ts
./src/contexts/ProjectsProvider.tsx
./src/components/providers/ClientProviders.tsx
 GET /login 200 in 1945ms
 ⚠ ./src/hooks/use-supabase-auth.ts
Attempted import error: 'supabase' is not exported from '../lib/supabase' (imported as 'supabase').

Import trace for requested module:
./src/hooks/use-supabase-auth.ts
./src/app/login/page.tsx

./src/hooks/use-supabase-auth.ts
Attempted import error: 'supabase' is not exported from '../lib/supabase' (imported as 'supabase').

Import trace for requested module:
./src/hooks/use-supabase-auth.ts
./src/app/login/page.tsx

./src/hooks/use-supabase-auth.ts
Attempted import error: 'supabase' is not exported from '../lib/supabase' (imported as 'supabase').

Import trace for requested module:
./src/hooks/use-supabase-auth.ts
./src/app/login/page.tsx

./src/hooks/use-supabase-auth.ts
Attempted import error: 'supabase' is not exported from '../lib/supabase' (imported as 'supabase').

Import trace for requested module:
./src/hooks/use-supabase-auth.ts
./src/app/login/page.tsx

./src/hooks/use-supabase-auth.ts
Attempted import error: 'supabase' is not exported from '../lib/supabase' (imported as 'supabase').

Import trace for requested module:
./src/hooks/use-supabase-auth.ts
./src/app/login/page.tsx

./src/hooks/use-supabase-auth.ts
Attempted import error: 'supabase' is not exported from '../lib/supabase' (imported as 'supabase').

Import trace for requested module:
./src/hooks/use-supabase-auth.ts
./src/app/login/page.tsx

./src/hooks/use-supabase-auth.ts
Attempted import error: 'supabase' is not exported from '../lib/supabase' (imported as 'supabase').

Import trace for requested module:
./src/hooks/use-supabase-auth.ts
./src/app/login/page.tsx

./src/hooks/use-supabase-auth.ts
Attempted import error: 'supabase' is not exported from '../lib/supabase' (imported as 'supabase').

Import trace for requested module:
./src/hooks/use-supabase-auth.ts
./src/app/login/page.tsx

./src/lib/api.ts
Attempted import error: 'supabase' is not exported from './supabase' (imported as 'supabase').

Import trace for requested module:
./src/lib/api.ts
./src/contexts/ProjectsProvider.tsx
./src/components/providers/ClientProviders.tsx

./src/hooks/use-supabase-auth.ts
Attempted import error: 'supabase' is not exported from '../lib/supabase' (imported as 'supabase').

Import trace for requested module:
./src/hooks/use-supabase-auth.ts
./src/app/login/page.tsx

./src/hooks/use-supabase-auth.ts
Attempted import error: 'supabase' is not exported from '../lib/supabase' (imported as 'supabase').

Import trace for requested module:
./src/hooks/use-supabase-auth.ts
./src/app/login/page.tsx

./src/hooks/use-supabase-auth.ts
Attempted import error: 'supabase' is not exported from '../lib/supabase' (imported as 'supabase').

Import trace for requested module:
./src/hooks/use-supabase-auth.ts
./src/app/login/page.tsx

./src/hooks/use-supabase-auth.ts
Attempted import error: 'supabase' is not exported from '../lib/supabase' (imported as 'supabase').

Import trace for requested module:
./src/hooks/use-supabase-auth.ts
./src/app/login/page.tsx

./src/hooks/use-supabase-auth.ts
Attempted import error: 'supabase' is not exported from '../lib/supabase' (imported as 'supabase').

Import trace for requested module:
./src/hooks/use-supabase-auth.ts
./src/app/login/page.tsx

./src/hooks/use-supabase-auth.ts
Attempted import error: 'supabase' is not exported from '../lib/supabase' (imported as 'supabase').

Import trace for requested module:
./src/hooks/use-supabase-auth.ts
./src/app/login/page.tsx

./src/hooks/use-supabase-auth.ts
Attempted import error: 'supabase' is not exported from '../lib/supabase' (imported as 'supabase').

Import trace for requested module:
./src/hooks/use-supabase-auth.ts
./src/app/login/page.tsx

./src/hooks/use-supabase-auth.ts
Attempted import error: 'supabase' is not exported from '../lib/supabase' (imported as 'supabase').

Import trace for requested module:
./src/hooks/use-supabase-auth.ts
./src/app/login/page.tsx

./src/lib/api.ts
Attempted import error: 'supabase' is not exported from './supabase' (imported as 'supabase').

Import trace for requested module:
./src/lib/api.ts
./src/contexts/ProjectsProvider.tsx
./src/components/providers/ClientProviders.tsx
 ⚠ ./src/hooks/use-supabase-auth.ts
Attempted import error: 'supabase' is not exported from '../lib/supabase' (imported as 'supabase').

Import trace for requested module:
./src/hooks/use-supabase-auth.ts
./src/app/login/page.tsx

./src/hooks/use-supabase-auth.ts
Attempted import error: 'supabase' is not exported from '../lib/supabase' (imported as 'supabase').

Import trace for requested module:
./src/hooks/use-supabase-auth.ts
./src/app/login/page.tsx

./src/hooks/use-supabase-auth.ts
Attempted import error: 'supabase' is not exported from '../lib/supabase' (imported as 'supabase').

Import trace for requested module:
./src/hooks/use-supabase-auth.ts
./src/app/login/page.tsx

./src/hooks/use-supabase-auth.ts
Attempted import error: 'supabase' is not exported from '../lib/supabase' (imported as 'supabase').

Import trace for requested module:
./src/hooks/use-supabase-auth.ts
./src/app/login/page.tsx

./src/hooks/use-supabase-auth.ts
Attempted import error: 'supabase' is not exported from '../lib/supabase' (imported as 'supabase').

Import trace for requested module:
./src/hooks/use-supabase-auth.ts
./src/app/login/page.tsx

./src/hooks/use-supabase-auth.ts
Attempted import error: 'supabase' is not exported from '../lib/supabase' (imported as 'supabase').

Import trace for requested module:
./src/hooks/use-supabase-auth.ts
./src/app/login/page.tsx

./src/hooks/use-supabase-auth.ts
Attempted import error: 'supabase' is not exported from '../lib/supabase' (imported as 'supabase').

Import trace for requested module:
./src/hooks/use-supabase-auth.ts
./src/app/login/page.tsx

./src/hooks/use-supabase-auth.ts
Attempted import error: 'supabase' is not exported from '../lib/supabase' (imported as 'supabase').

Import trace for requested module:
./src/hooks/use-supabase-auth.ts
./src/app/login/page.tsx

./src/lib/api.ts
Attempted import error: 'supabase' is not exported from './supabase' (imported as 'supabase').

Import trace for requested module:
./src/lib/api.ts
./src/contexts/ProjectsProvider.tsx
./src/components/providers/ClientProviders.tsx

./src/hooks/use-supabase-auth.ts
Attempted import error: 'supabase' is not exported from '../lib/supabase' (imported as 'supabase').

Import trace for requested module:
./src/hooks/use-supabase-auth.ts
./src/app/login/page.tsx

./src/hooks/use-supabase-auth.ts
Attempted import error: 'supabase' is not exported from '../lib/supabase' (imported as 'supabase').

Import trace for requested module:
./src/hooks/use-supabase-auth.ts
./src/app/login/page.tsx

./src/hooks/use-supabase-auth.ts
Attempted import error: 'supabase' is not exported from '../lib/supabase' (imported as 'supabase').

Import trace for requested module:
./src/hooks/use-supabase-auth.ts
./src/app/login/page.tsx

./src/hooks/use-supabase-auth.ts
Attempted import error: 'supabase' is not exported from '../lib/supabase' (imported as 'supabase').

Import trace for requested module:
./src/hooks/use-supabase-auth.ts
./src/app/login/page.tsx

./src/hooks/use-supabase-auth.ts
Attempted import error: 'supabase' is not exported from '../lib/supabase' (imported as 'supabase').

Import trace for requested module:
./src/hooks/use-supabase-auth.ts
./src/app/login/page.tsx

./src/hooks/use-supabase-auth.ts
Attempted import error: 'supabase' is not exported from '../lib/supabase' (imported as 'supabase').

Import trace for requested module:
./src/hooks/use-supabase-auth.ts
./src/app/login/page.tsx

./src/hooks/use-supabase-auth.ts
Attempted import error: 'supabase' is not exported from '../lib/supabase' (imported as 'supabase').

Import trace for requested module:
./src/hooks/use-supabase-auth.ts
./src/app/login/page.tsx

./src/hooks/use-supabase-auth.ts
Attempted import error: 'supabase' is not exported from '../lib/supabase' (imported as 'supabase').

Import trace for requested module:
./src/hooks/use-supabase-auth.ts
./src/app/login/page.tsx

./src/lib/api.ts
Attempted import error: 'supabase' is not exported from './supabase' (imported as 'supabase').

Import trace for requested module:
./src/lib/api.ts
./src/contexts/ProjectsProvider.tsx
./src/components/providers/ClientProviders.tsx
 ⚠ ./src/hooks/use-supabase-auth.ts
Attempted import error: 'supabase' is not exported from '../lib/supabase' (imported as 'supabase').

Import trace for requested module:
./src/hooks/use-supabase-auth.ts
./src/app/login/page.tsx

./src/hooks/use-supabase-auth.ts
Attempted import error: 'supabase' is not exported from '../lib/supabase' (imported as 'supabase').

Import trace for requested module:
./src/hooks/use-supabase-auth.ts
./src/app/login/page.tsx

./src/hooks/use-supabase-auth.ts
Attempted import error: 'supabase' is not exported from '../lib/supabase' (imported as 'supabase').

Import trace for requested module:
./src/hooks/use-supabase-auth.ts
./src/app/login/page.tsx

./src/hooks/use-supabase-auth.ts
Attempted import error: 'supabase' is not exported from '../lib/supabase' (imported as 'supabase').

Import trace for requested module:
./src/hooks/use-supabase-auth.ts
./src/app/login/page.tsx

./src/hooks/use-supabase-auth.ts
Attempted import error: 'supabase' is not exported from '../lib/supabase' (imported as 'supabase').

Import trace for requested module:
./src/hooks/use-supabase-auth.ts
./src/app/login/page.tsx

./src/hooks/use-supabase-auth.ts
Attempted import error: 'supabase' is not exported from '../lib/supabase' (imported as 'supabase').

Import trace for requested module:
./src/hooks/use-supabase-auth.ts
./src/app/login/page.tsx

./src/hooks/use-supabase-auth.ts
Attempted import error: 'supabase' is not exported from '../lib/supabase' (imported as 'supabase').

Import trace for requested module:
./src/hooks/use-supabase-auth.ts
./src/app/login/page.tsx

./src/hooks/use-supabase-auth.ts
Attempted import error: 'supabase' is not exported from '../lib/supabase' (imported as 'supabase').

Import trace for requested module:
./src/hooks/use-supabase-auth.ts
./src/app/login/page.tsx

./src/lib/api.ts
Attempted import error: 'supabase' is not exported from './supabase' (imported as 'supabase').

Import trace for requested module:
./src/lib/api.ts
./src/contexts/ProjectsProvider.tsx
./src/components/providers/ClientProviders.tsx

./src/hooks/use-supabase-auth.ts
Attempted import error: 'supabase' is not exported from '../lib/supabase' (imported as 'supabase').

Import trace for requested module:
./src/hooks/use-supabase-auth.ts
./src/app/login/page.tsx

./src/hooks/use-supabase-auth.ts
Attempted import error: 'supabase' is not exported from '../lib/supabase' (imported as 'supabase').

Import trace for requested module:
./src/hooks/use-supabase-auth.ts
./src/app/login/page.tsx

./src/hooks/use-supabase-auth.ts
Attempted import error: 'supabase' is not exported from '../lib/supabase' (imported as 'supabase').

Import trace for requested module:
./src/hooks/use-supabase-auth.ts
./src/app/login/page.tsx

./src/hooks/use-supabase-auth.ts
Attempted import error: 'supabase' is not exported from '../lib/supabase' (imported as 'supabase').

Import trace for requested module:
./src/hooks/use-supabase-auth.ts
./src/app/login/page.tsx

./src/hooks/use-supabase-auth.ts
Attempted import error: 'supabase' is not exported from '../lib/supabase' (imported as 'supabase').

Import trace for requested module:
./src/hooks/use-supabase-auth.ts
./src/app/login/page.tsx

./src/hooks/use-supabase-auth.ts
Attempted import error: 'supabase' is not exported from '../lib/supabase' (imported as 'supabase').

Import trace for requested module:
./src/hooks/use-supabase-auth.ts
./src/app/login/page.tsx

./src/hooks/use-supabase-auth.ts
Attempted import error: 'supabase' is not exported from '../lib/supabase' (imported as 'supabase').

Import trace for requested module:
./src/hooks/use-supabase-auth.ts
./src/app/login/page.tsx

./src/hooks/use-supabase-auth.ts
Attempted import error: 'supabase' is not exported from '../lib/supabase' (imported as 'supabase').

Import trace for requested module:
./src/hooks/use-supabase-auth.ts
./src/app/login/page.tsx

./src/lib/api.ts
Attempted import error: 'supabase' is not exported from './supabase' (imported as 'supabase').

Import trace for requested module:
./src/lib/api.ts
./src/contexts/ProjectsProvider.tsx
./src/components/providers/ClientProviders.tsx
Dashboard Layout - Loading state
 GET /dashboard 200 in 1140ms
